<?xml version="1.0" encoding="UTF-8"?>
<!-- Generated by org.testng.reporters.JUnitXMLReporter -->
<testsuite ignored="0" hostname="Mac.lan" failures="0" tests="5" name="test" time="0.139" errors="0" timestamp="2026-05-07T17:30:51 IST">
  <testcase classname="Test.PreAndPostIncrerment" name="postIncrement" time="0.059"/>
  <testcase classname="Test.PreAndPostIncrerment" name="preIncrement" time="0.004"/>
  <testcase classname="Test.PreAndPostIncrerment" name="tstContinue" time="0.005"/>
  <testcase classname="Test.TypeCasting" name="implicitTypeCasting" time="0.004"/>
  <testcase classname="Test.TypeCasting" name="xplilicitTypeCasting" time="0.003"/>
</testsuite> <!-- test -->
