<?xml version="1.0" encoding="UTF-8"?>
<!-- Generated by org.testng.reporters.JUnitXMLReporter -->
<testsuite ignored="0" hostname="Mac.lan" failures="0" tests="3" name="Default test" time="0.084" errors="0" timestamp="2026-05-07T17:00:59 IST">
  <testcase classname="Test.PreAndPostIncrerment" name="postIncrement" time="0.023"/>
  <testcase classname="Test.PreAndPostIncrerment" name="preIncrement" time="0.003"/>
  <testcase classname="Test.PreAndPostIncrerment" name="tstContinue" time="0.004"/>
</testsuite> <!-- Default test -->
