<?xml version="1.0" encoding="UTF-8"?>
<testng-results ignored="0" total="2" passed="2" failed="0" skipped="0">
  <reporter-output>
  </reporter-output>
  <suite started-at="2026-04-30T20:17:17 IST" name="Default suite" finished-at="2026-04-30T20:17:17 IST" duration-ms="79">
    <groups>
    </groups>
    <test started-at="2026-04-30T20:17:17 IST" name="Default test" finished-at="2026-04-30T20:17:17 IST" duration-ms="79">
      <class name="Test.TypeCasting">
        <test-method signature="implicitTypeCasting()[pri:0, instance:Test.TypeCasting@206a70ef]" started-at="2026-04-30T20:17:17 IST" name="implicitTypeCasting" finished-at="2026-04-30T20:17:17 IST" duration-ms="18" status="PASS">
          <reporter-output>
          </reporter-output>
        </test-method> <!-- implicitTypeCasting -->
        <test-method signature="xplilicitTypeCasting()[pri:0, instance:Test.TypeCasting@206a70ef]" started-at="2026-04-30T20:17:17 IST" name="xplilicitTypeCasting" finished-at="2026-04-30T20:17:17 IST" duration-ms="7" status="PASS">
          <reporter-output>
          </reporter-output>
        </test-method> <!-- xplilicitTypeCasting -->
      </class> <!-- Test.TypeCasting -->
    </test> <!-- Default test -->
  </suite> <!-- Default suite -->
</testng-results>
