<?xml version="1.0" encoding="UTF-8"?>
<testng-results ignored="0" total="5" passed="5" failed="0" skipped="0">
  <reporter-output>
  </reporter-output>
  <suite started-at="2026-05-07T17:30:51 IST" name="demo Suite" finished-at="2026-05-07T17:30:51 IST" duration-ms="139">
    <groups>
    </groups>
    <test started-at="2026-05-07T17:30:51 IST" name="test" finished-at="2026-05-07T17:30:51 IST" duration-ms="139">
      <class name="Test.PreAndPostIncrerment">
        <test-method signature="postIncrement()[pri:0, instance:Test.PreAndPostIncrerment@2b71e916]" started-at="2026-05-07T17:30:51 IST" name="postIncrement" finished-at="2026-05-07T17:30:51 IST" duration-ms="59" status="PASS">
          <reporter-output>
          </reporter-output>
        </test-method> <!-- postIncrement -->
        <test-method signature="preIncrement()[pri:0, instance:Test.PreAndPostIncrerment@2b71e916]" started-at="2026-05-07T17:30:51 IST" name="preIncrement" finished-at="2026-05-07T17:30:51 IST" duration-ms="4" status="PASS">
          <reporter-output>
          </reporter-output>
        </test-method> <!-- preIncrement -->
        <test-method signature="tstContinue()[pri:0, instance:Test.PreAndPostIncrerment@2b71e916]" started-at="2026-05-07T17:30:51 IST" name="tstContinue" finished-at="2026-05-07T17:30:51 IST" duration-ms="5" status="PASS">
          <reporter-output>
          </reporter-output>
        </test-method> <!-- tstContinue -->
      </class> <!-- Test.PreAndPostIncrerment -->
      <class name="Test.TypeCasting">
        <test-method signature="implicitTypeCasting()[pri:0, instance:Test.TypeCasting@1d296da]" started-at="2026-05-07T17:30:51 IST" name="implicitTypeCasting" finished-at="2026-05-07T17:30:51 IST" duration-ms="4" status="PASS">
          <reporter-output>
          </reporter-output>
        </test-method> <!-- implicitTypeCasting -->
        <test-method signature="xplilicitTypeCasting()[pri:0, instance:Test.TypeCasting@1d296da]" started-at="2026-05-07T17:30:51 IST" name="xplilicitTypeCasting" finished-at="2026-05-07T17:30:51 IST" duration-ms="3" status="PASS">
          <reporter-output>
          </reporter-output>
        </test-method> <!-- xplilicitTypeCasting -->
      </class> <!-- Test.TypeCasting -->
    </test> <!-- test -->
  </suite> <!-- demo Suite -->
</testng-results>
