<?xml version="1.0" encoding="UTF-8"?>
<!-- Generated by org.testng.reporters.JUnitReportReporter -->
<testsuite hostname="Mac.lan" failures="0" tests="7" name="Latest_Practice_TestScripts.ScrollWithoutJS" time="18.028" errors="0" timestamp="2026-04-23T15:36:54 IST" skipped="5">
  <testcase classname="Latest_Practice_TestScripts.ScrollWithoutJS" name="launchTheApp" time="17.537"/>
  <testcase classname="Latest_Practice_TestScripts.ScrollWithoutJS" name="scrollFromOrigin_FromViewport" time="0.491"/>
  <testcase classname="Latest_Practice_TestScripts.ScrollWithoutJS" name="scrollMoveToElement">
    <skipped/>
  </testcase> <!-- scrollMoveToElement -->
  <testcase classname="Latest_Practice_TestScripts.ScrollWithoutJS" name="scrollFromOrigin_FromElement">
    <skipped/>
  </testcase> <!-- scrollFromOrigin_FromElement -->
  <testcase classname="Latest_Practice_TestScripts.ScrollWithoutJS" name="scrollByAmount">
    <skipped/>
  </testcase> <!-- scrollByAmount -->
  <testcase classname="Latest_Practice_TestScripts.ScrollWithoutJS" name="scrollKey_Page_DownAndPage_Up">
    <skipped/>
  </testcase> <!-- scrollKey_Page_DownAndPage_Up -->
  <testcase classname="Latest_Practice_TestScripts.ScrollWithoutJS" name="scrollToElement">
    <skipped/>
  </testcase> <!-- scrollToElement -->
</testsuite> <!-- Latest_Practice_TestScripts.ScrollWithoutJS -->
