<?xml version="1.0" encoding="UTF-8"?>
<!-- Generated by org.testng.reporters.JUnitReportReporter -->
<testsuite hostname="Rakeshs-MacBook-Air.local" failures="0" tests="3" name="Test.TypeCasting" time="0.027" errors="0" timestamp="2026-07-06T14:02:35 IST" skipped="0">
  <testcase classname="Test.TypeCasting" name="testing" time="0.005"/>
  <testcase classname="Test.TypeCasting" name="implicitTypeCasting" time="0.017"/>
  <testcase classname="Test.TypeCasting" name="xplilicitTypeCasting" time="0.005"/>
</testsuite> <!-- Test.TypeCasting -->
