<?xml version="1.0" encoding="UTF-8"?>
<!-- Generated by org.testng.reporters.JUnitReportReporter -->
<testsuite hostname="Rakeshs-MacBook-Air.local" failures="0" tests="1" name="Latest_Practice_TestScripts.PrintAllValuesFromDynamicTable" time="101.496" errors="0" timestamp="2026-04-23T14:32:11 IST" skipped="0">
  <testcase classname="Latest_Practice_TestScripts.PrintAllValuesFromDynamicTable" name="printValuesFromDynamicTable" time="101.496"/>
</testsuite> <!-- Latest_Practice_TestScripts.PrintAllValuesFromDynamicTable -->
