<?xml version="1.0" encoding="UTF-8"?>
<!-- Generated by org.testng.reporters.JUnitReportReporter -->
<testsuite hostname="Rakeshs-MacBook-Air.local" failures="0" tests="3" name="Latest_Practice_TestScripts.DataDrivenToWorkOnDataProvider" time="0.033" errors="0" timestamp="2026-03-02T12:52:37 IST" skipped="0">
  <testcase classname="Latest_Practice_TestScripts.DataDrivenToWorkOnDataProvider" name="userLogin" time="0.001"/>
  <testcase classname="Latest_Practice_TestScripts.DataDrivenToWorkOnDataProvider" name="userLogin" time="0.028"/>
  <testcase classname="Latest_Practice_TestScripts.DataDrivenToWorkOnDataProvider" name="userLogin" time="0.004"/>
</testsuite> <!-- Latest_Practice_TestScripts.DataDrivenToWorkOnDataProvider -->
