<?xml version="1.0" encoding="UTF-8"?>
<!-- Generated by org.testng.reporters.JUnitReportReporter -->
<testsuite hostname="Rakeshs-MacBook-Air.local" failures="0" tests="1" name="ForPractice_Array._Second_Practice_Array_Program.SecondLargerAndSecondLowest" time="0.022" errors="0" timestamp="2025-12-15T23:21:03 IST" skipped="0">
  <testcase classname="ForPractice_Array._Second_Practice_Array_Program.SecondLargerAndSecondLowest" name="secondLargestAndLowest" time="0.022"/>
</testsuite> <!-- ForPractice_Array._Second_Practice_Array_Program.SecondLargerAndSecondLowest -->
