<?xml version="1.0" encoding="UTF-8"?>
<!-- Generated by org.testng.reporters.JUnitReportReporter -->
<testsuite hostname="Rakeshs-MacBook-Air.local" failures="0" tests="5" name="Latest_Practice_TestScripts.ThreadPoolSize" time="0.183" errors="0" timestamp="2026-04-23T13:36:00 IST" skipped="0">
  <testcase classname="Latest_Practice_TestScripts.ThreadPoolSize" name="demoForThreadPoll" time="0.037"/>
  <testcase classname="Latest_Practice_TestScripts.ThreadPoolSize" name="demoForThreadPoll" time="0.036"/>
  <testcase classname="Latest_Practice_TestScripts.ThreadPoolSize" name="demoForThreadPoll" time="0.037"/>
  <testcase classname="Latest_Practice_TestScripts.ThreadPoolSize" name="demoForThreadPoll" time="0.037"/>
  <testcase classname="Latest_Practice_TestScripts.ThreadPoolSize" name="demoForThreadPoll" time="0.036"/>
</testsuite> <!-- Latest_Practice_TestScripts.ThreadPoolSize -->
