<?xml version="1.0" encoding="UTF-8"?>
<!-- Generated by org.testng.reporters.JUnitReportReporter -->
<testsuite hostname="Rakeshs-MacBook-Air.local" failures="0" tests="2" name="Latest_Practice_TestScripts.WriteDataFromExcel" time="0.579" errors="0" timestamp="2026-04-17T19:59:51 IST" skipped="1">
  <testcase classname="Latest_Practice_TestScripts.WriteDataFromExcel" name="craeteSheetInExcelAndWrite" time="0.579"/>
  <testcase classname="Latest_Practice_TestScripts.WriteDataFromExcel" name="writeDataFromExcel">
    <skipped/>
  </testcase> <!-- writeDataFromExcel -->
</testsuite> <!-- Latest_Practice_TestScripts.WriteDataFromExcel -->
