<?xml version="1.0" encoding="UTF-8"?>
<!-- Generated by org.testng.reporters.JUnitReportReporter -->
<testsuite hostname="Rakeshs-MacBook-Air.local" failures="0" tests="1" name="ForPractice_Array._Second_Practice_Array_Program.SecondHeghestInArray" time="0.033" errors="0" timestamp="2025-12-24T12:49:08 IST" skipped="0">
  <testcase classname="ForPractice_Array._Second_Practice_Array_Program.SecondHeghestInArray" name="secondHeighestInArray" time="0.033"/>
</testsuite> <!-- ForPractice_Array._Second_Practice_Array_Program.SecondHeghestInArray -->
