<?xml version="1.0" encoding="UTF-8"?>
<!-- Generated by org.testng.reporters.JUnitReportReporter -->
<testsuite hostname="Rakeshs-MacBook-Air.local" failures="0" tests="2" name="Latest_Practice_TestScripts.ReadDataHSSFXSSF" time="0.732" errors="0" timestamp="2026-04-21T11:32:34 IST" skipped="0">
  <testcase classname="Latest_Practice_TestScripts.ReadDataHSSFXSSF" name="readDataUsingHSSF" time="0.201"/>
  <testcase classname="Latest_Practice_TestScripts.ReadDataHSSFXSSF" name="readDataUsingXSSF" time="0.531"/>
</testsuite> <!-- Latest_Practice_TestScripts.ReadDataHSSFXSSF -->
