<?xml version="1.0" encoding="UTF-8"?>
<!-- Generated by org.testng.reporters.JUnitReportReporter -->
<testsuite hostname="Rakeshs-MacBook-Air.local" failures="0" tests="1" name="ForPractice_String.SecondSetPractice_String_Program.StringTokenizer" time="0.021" errors="0" timestamp="2026-04-27T20:29:18 IST" skipped="0">
  <testcase classname="ForPractice_String.SecondSetPractice_String_Program.StringTokenizer" name="verifyStringTokenizer" time="0.021"/>
</testsuite> <!-- ForPractice_String.SecondSetPractice_String_Program.StringTokenizer -->
