<?xml version="1.0" encoding="UTF-8"?>
<!-- Generated by org.testng.reporters.JUnitReportReporter -->
<testsuite hostname="Rakeshs-MacBook-Air.local" failures="0" tests="1" name="ForPractice_Array._Second_Practice_Array_Program.CommonElement" time="0.016" errors="0" timestamp="2026-03-31T20:06:31 IST" skipped="0">
  <testcase classname="ForPractice_Array._Second_Practice_Array_Program.CommonElement" name="commonEelementInArrays" time="0.016"/>
</testsuite> <!-- ForPractice_Array._Second_Practice_Array_Program.CommonElement -->
