<?xml version="1.0" encoding="UTF-8"?>
<!-- Generated by org.testng.reporters.JUnitReportReporter -->
<testsuite hostname="Rakeshs-MacBook-Air.local" failures="0" tests="1" name="ForPractice_String.SecondSetPractice_String_Program.SubString" time="0.019" errors="0" timestamp="2026-04-27T20:27:21 IST" skipped="0">
  <testcase classname="ForPractice_String.SecondSetPractice_String_Program.SubString" name="subStringDemo" time="0.019"/>
</testsuite> <!-- ForPractice_String.SecondSetPractice_String_Program.SubString -->
