<?xml version="1.0" encoding="UTF-8"?>
<!-- Generated by org.testng.reporters.JUnitReportReporter -->
<testsuite hostname="Rakeshs-MacBook-Air.local" failures="0" tests="1" name="ForPractice_String.ThirdSetPractice_String_Program.StringSwipe" time="0.021" errors="0" timestamp="2026-04-27T20:16:30 IST" skipped="0">
  <testcase classname="ForPractice_String.ThirdSetPractice_String_Program.StringSwipe" name="swipeString" time="0.021"/>
</testsuite> <!-- ForPractice_String.ThirdSetPractice_String_Program.StringSwipe -->
